<?xml version="1.0" encoding="UTF-8"?>
<!-- Generated by org.testng.reporters.JUnitReportReporter -->
<testsuite hostname="Reema" failures="0" tests="3" name="com.sevenrmartsupermarket.tests.LoginwithDataproviders" time="11.066" errors="0" timestamp="2024-03-15T19:05:48 GST" skipped="0">
  <testcase classname="com.sevenrmartsupermarket.tests.LoginwithDataproviders" name="verifyLoginWithDifferntAdminUsers" time="3.522"/>
  <system-out/>
  <testcase classname="com.sevenrmartsupermarket.tests.LoginwithDataproviders" name="verifyLoginWithDifferntAdminUsers" time="4.363"/>
  <system-out/>
  <testcase classname="com.sevenrmartsupermarket.tests.LoginwithDataproviders" name="verifyLoginWithDifferntAdminUsers" time="3.181"/>
  <system-out/>
</testsuite> <!-- com.sevenrmartsupermarket.tests.LoginwithDataproviders -->
