<?xml version="1.0" encoding="UTF-8"?>
<!-- Generated by org.testng.reporters.JUnitReportReporter -->
<testsuite hostname="Reema" failures="0" tests="1" name="com.sevenrmartsupermarket.tests.LoginTest" time="6.178" errors="0" timestamp="2024-03-12T07:39:56 GST" skipped="0">
  <testcase classname="com.sevenrmartsupermarket.tests.LoginTest" name="verifyLogin" time="6.178"/>
  <system-out/>
</testsuite> <!-- com.sevenrmartsupermarket.tests.LoginTest -->
