<?xml version="1.0" encoding="UTF-8"?>
<!-- Generated by org.testng.reporters.JUnitReportReporter -->
<testsuite hostname="Reema" failures="0" tests="1" name="com.sevenrmartsupermarket.tests.LoginTest" time="13.343" errors="0" timestamp="2024-03-15T19:52:54 GST" skipped="0">
  <testcase classname="com.sevenrmartsupermarket.tests.LoginTest" name="verifyLogin" time="13.343"/>
  <system-out/>
</testsuite> <!-- com.sevenrmartsupermarket.tests.LoginTest -->
