<?xml version="1.0" encoding="UTF-8"?>
<!-- Generated by org.testng.reporters.JUnitReportReporter -->
<testsuite hostname="Reema" failures="0" tests="1" name="com.sevenrmartsupermarket.tests.ManageSliderTest" time="7.056" errors="0" timestamp="2024-03-13T17:49:15 GST" skipped="0">
  <testcase classname="com.sevenrmartsupermarket.tests.ManageSliderTest" name="VerifyManageSliderInfo" time="7.056"/>
  <system-out/>
</testsuite> <!-- com.sevenrmartsupermarket.tests.ManageSliderTest -->
