<?xml version="1.0" encoding="UTF-8"?>
<!-- Generated by org.testng.reporters.JUnitReportReporter -->
<testsuite hostname="Reema" failures="0" tests="1" name="com.sevenrmartsupermarket.tests.ManageExpenseTest" time="11.384" errors="0" timestamp="2024-03-13T16:09:53 GST" skipped="0">
  <testcase classname="com.sevenrmartsupermarket.tests.ManageExpenseTest" name="VerifyExcelData" time="11.384"/>
  <system-out/>
</testsuite> <!-- com.sevenrmartsupermarket.tests.ManageExpenseTest -->
